[debug] [2024-11-18T20:26:33.797Z] ----------------------------------------------------------------------
[debug] [2024-11-18T20:26:33.800Z] Command:       /nix/store/aspnwxp3q1wvg8jd1zg0295zmhr3lkb3-nodejs-18.19.1/bin/node /nix/store/4y5y11gp7fmn3rr6wm7skwjrbqfy4bbw-firebase-tools-13.23.0/lib/node_modules/firebase-tools/lib/bin/firebase.js init hosting
[debug] [2024-11-18T20:26:33.801Z] CLI Version:   13.23.0
[debug] [2024-11-18T20:26:33.802Z] Platform:      linux
[debug] [2024-11-18T20:26:33.802Z] Node Version:  v18.19.1
[debug] [2024-11-18T20:26:33.803Z] Time:          Mon Nov 18 2024 20:26:33 GMT+0000 (Coordinated Universal Time)
[debug] [2024-11-18T20:26:33.803Z] ----------------------------------------------------------------------
[debug] 
[debug] [2024-11-18T20:26:33.813Z] > command requires scopes: ["email","openid","https://www.googleapis.com/auth/cloudplatformprojects.readonly","https://www.googleapis.com/auth/firebase","https://www.googleapis.com/auth/cloud-platform"]
[debug] [2024-11-18T20:26:33.814Z] > authorizing via signed-in user (yusufes52@gmail.com)
[info] 
     ######## #### ########  ######## ########     ###     ######  ########
     ##        ##  ##     ## ##       ##     ##  ##   ##  ##       ##
     ######    ##  ########  ######   ########  #########  ######  ######
     ##        ##  ##    ##  ##       ##     ## ##     ##       ## ##
     ##       #### ##     ## ######## ########  ##     ##  ######  ########

You're about to initialize a Firebase project in this directory:

  /home/user/mizania

[info] 
=== Project Setup
[info] 
[info] First, let's associate this project directory with a Firebase project.
[info] You can create multiple project aliases by running firebase use --add, 
[info] but for now we'll just set up a default project.
[info] 
[debug] [2024-11-18T20:26:35.919Z] No OAuth tokens found
[debug] [2024-11-18T20:26:35.920Z] No OAuth tokens found
[debug] [2024-11-18T20:26:35.920Z] > command requires scopes: ["email","openid","https://www.googleapis.com/auth/cloudplatformprojects.readonly","https://www.googleapis.com/auth/firebase","https://www.googleapis.com/auth/cloud-platform"]
[debug] [2024-11-18T20:26:35.921Z] > authorizing via signed-in user (yusufes52@gmail.com)
[debug] [2024-11-18T20:26:35.924Z] >>> [apiv2][query] GET https://firebase.googleapis.com/v1beta1/projects pageSize=100
[debug] [2024-11-18T20:26:36.136Z] <<< [apiv2][status] GET https://firebase.googleapis.com/v1beta1/projects 401
[debug] [2024-11-18T20:26:36.136Z] <<< [apiv2][body] GET https://firebase.googleapis.com/v1beta1/projects [omitted]
[debug] [2024-11-18T20:26:36.136Z] Got a 401 Unauthenticated error for a call that required authentication. Refreshing tokens.
[debug] [2024-11-18T20:26:36.137Z] No OAuth tokens found
[debug] [2024-11-18T20:26:36.137Z] No OAuth tokens found
[debug] [2024-11-18T20:26:36.137Z] > command requires scopes: ["email","openid","https://www.googleapis.com/auth/cloudplatformprojects.readonly","https://www.googleapis.com/auth/firebase","https://www.googleapis.com/auth/cloud-platform"]
[debug] [2024-11-18T20:26:36.137Z] > authorizing via signed-in user (yusufes52@gmail.com)
[debug] [2024-11-18T20:26:36.138Z] Request to https://firebase.googleapis.com/v1beta1/projects?pageSize=100 had HTTP Error: 401, Request had invalid authentication credentials. Expected OAuth 2 access token, login cookie or other valid authentication credential. See https://developers.google.com/identity/sign-in/web/devconsole-project.
[debug] [2024-11-18T20:26:36.139Z] FirebaseError: Request to https://firebase.googleapis.com/v1beta1/projects?pageSize=100 had HTTP Error: 401, Request had invalid authentication credentials. Expected OAuth 2 access token, login cookie or other valid authentication credential. See https://developers.google.com/identity/sign-in/web/devconsole-project.
    at responseToError (/nix/store/4y5y11gp7fmn3rr6wm7skwjrbqfy4bbw-firebase-tools-13.23.0/lib/node_modules/firebase-tools/lib/responseToError.js:52:12)
    at RetryOperation._fn (/nix/store/4y5y11gp7fmn3rr6wm7skwjrbqfy4bbw-firebase-tools-13.23.0/lib/node_modules/firebase-tools/lib/apiv2.js:312:77)
    at process.processTicksAndRejections (node:internal/process/task_queues:95:5)
[error] 
[error] Error: Failed to list Firebase projects. See firebase-debug.log for more info.
